<?xml version="1.0" encoding="UTF-8"?>
<!-- Generated by org.testng.reporters.JUnitReportReporter -->
<testsuite hostname="TYSS-Shobha" failures="0" tests="1" name="testNgPratice.SoftAssertEx" time="0.013" errors="0" timestamp="2024-09-04T19:31:22 IST" skipped="0">
  <testcase classname="testNgPratice.SoftAssertEx" name="m1" time="0.013"/>
</testsuite> <!-- testNgPratice.SoftAssertEx -->
