<?xml version="1.0" encoding="UTF-8"?>
<!-- Generated by org.testng.reporters.JUnitReportReporter -->
<testsuite hostname="TYSS-Shobha" failures="0" tests="1" name="campaigns.CreateCampaignsWithProductTest" time="34.559" errors="0" timestamp="2024-09-04T18:30:47 IST" skipped="0">
  <testcase classname="campaigns.CreateCampaignsWithProductTest" name="CreateCampaignsWithProductTest" time="34.559"/>
</testsuite> <!-- campaigns.CreateCampaignsWithProductTest -->
