<?xml version="1.0" encoding="UTF-8"?>
<!-- Generated by org.testng.reporters.JUnitReportReporter -->
<testsuite hostname="TYSS-Shobha" failures="0" tests="1" name="campaigns.CreateCampaignsTest" time="14.349" errors="0" timestamp="2024-09-10T19:44:46 IST" skipped="0">
  <testcase classname="campaigns.CreateCampaignsTest" name="createCampaignsTest" time="14.349"/>
</testsuite> <!-- campaigns.CreateCampaignsTest -->
