<?xml version="1.0" encoding="UTF-8"?>
<!-- Generated by org.testng.reporters.JUnitReportReporter -->
<testsuite hostname="TYSS-Shobha" failures="0" tests="1" name="Product.CreateProductTest" time="21.584" errors="0" timestamp="2024-09-09T20:21:12 IST" skipped="0">
  <testcase classname="Product.CreateProductTest" name="CreateProductTest" time="21.584"/>
</testsuite> <!-- Product.CreateProductTest -->
