<?xml version="1.0" encoding="UTF-8"?>
<!-- Generated by org.testng.reporters.JUnitReportReporter -->
<testsuite hostname="TYSS-Shobha" failures="0" tests="3" name="testNgPratice.DataProviderEx4Test" time="62.967" errors="0" timestamp="2024-08-31T19:28:04 IST" skipped="0">
  <testcase classname="testNgPratice.DataProviderEx4Test" name="organizationModuleTest" time="21.482"/>
  <testcase classname="testNgPratice.DataProviderEx4Test" name="organizationModuleTest" time="22.466"/>
  <testcase classname="testNgPratice.DataProviderEx4Test" name="organizationModuleTest" time="19.019"/>
</testsuite> <!-- testNgPratice.DataProviderEx4Test -->
