<?xml version="1.0" encoding="UTF-8"?>
<!-- Generated by org.testng.reporters.JUnitReportReporter -->
<testsuite hostname="TYSS-Shobha" failures="0" tests="1" name="organization.CreateOrganization" time="23.504" errors="0" timestamp="2024-09-02T19:40:31 IST" skipped="0">
  <testcase classname="organization.CreateOrganization" name="createOrganization" time="23.504"/>
</testsuite> <!-- organization.CreateOrganization -->
