<?xml version="1.0" encoding="UTF-8"?>
<!-- Generated by org.testng.reporters.JUnitReportReporter -->
<testsuite hostname="TYSS-Shobha" failures="0" tests="3" name="testNgPratice.DataProviderEx1" time="0.013" errors="0" timestamp="2024-08-30T19:37:39 IST" skipped="0">
  <testcase classname="testNgPratice.DataProviderEx1" name="bookTickets" time="0.002"/>
  <testcase classname="testNgPratice.DataProviderEx1" name="bookTickets" time="0.002"/>
  <testcase classname="testNgPratice.DataProviderEx1" name="bookTickets" time="0.009"/>
</testsuite> <!-- testNgPratice.DataProviderEx1 -->
