<?xml version="1.0" encoding="UTF-8"?>
<!-- Generated by org.testng.reporters.JUnitReportReporter -->
<testsuite hostname="TYSS-Shobha" failures="0" tests="5" name="testNgPratice.SampleTest" time="0.011" errors="0" timestamp="2024-08-29T20:44:51 IST" skipped="0">
  <testcase classname="testNgPratice.SampleTest" name="createProductTest" time="0.002"/>
  <testcase classname="testNgPratice.SampleTest" name="createProductTest" time="0.001"/>
  <testcase classname="testNgPratice.SampleTest" name="createProductTest" time="0.007"/>
  <testcase classname="testNgPratice.SampleTest" name="deleteProductTest" time="0.001"/>
  <testcase classname="testNgPratice.SampleTest" name="modifyProductTest" time="0.000"/>
</testsuite> <!-- testNgPratice.SampleTest -->
