<?xml version="1.0" encoding="UTF-8"?>
<!-- Generated by org.testng.reporters.JUnitReportReporter -->
<testsuite hostname="TYSS-Shobha" failures="0" tests="2" name="testNgPratice.DataProviderEx3Test" time="42.799" errors="0" timestamp="2024-08-30T20:01:07 IST" skipped="0">
  <testcase classname="testNgPratice.DataProviderEx3Test" name="organizationModuleTest" time="23.060"/>
  <testcase classname="testNgPratice.DataProviderEx3Test" name="organizationModuleTest" time="19.739"/>
</testsuite> <!-- testNgPratice.DataProviderEx3Test -->
