<?xml version="1.0" encoding="UTF-8"?>
<!-- Generated by org.testng.reporters.JUnitReportReporter -->
<testsuite hostname="TYSS-Shobha" failures="0" tests="1" name="organization.CreateOrganizationTest" time="25.073" errors="0" timestamp="2024-09-10T19:44:46 IST" skipped="0">
  <testcase classname="organization.CreateOrganizationTest" name="createOrganization" time="25.073"/>
</testsuite> <!-- organization.CreateOrganizationTest -->
