<?xml version="1.0" encoding="UTF-8"?>
<!-- Generated by org.testng.reporters.JUnitReportReporter -->
<testsuite hostname="TYSS-Shobha" failures="0" tests="2" name="testNgPratice.DataProviderEx2" time="0.008" errors="0" timestamp="2024-08-30T19:40:50 IST" skipped="0">
  <testcase classname="testNgPratice.DataProviderEx2" name="bookTickets" time="0.001"/>
  <testcase classname="testNgPratice.DataProviderEx2" name="bookTickets" time="0.007"/>
</testsuite> <!-- testNgPratice.DataProviderEx2 -->
